[07/Nov/2017 01:04:16] "GET /time_annotation/brute_comparison/ HTTP/1.1" 200 2430
[07/Nov/2017 01:04:16] "GET /static/time_annotation/brute_comparison.css HTTP/1.1" 200 3596
[07/Nov/2017 01:04:16] "GET /static/time_annotation/brute_comparison.js HTTP/1.1" 200 4589
[07/Nov/2017 01:04:17] "GET /time_annotation/retrieve_event_in_same_group_brute?text_name=Hard%20feelings HTTP/1.1" 301 0
[07/Nov/2017 01:04:17] "GET /time_annotation/retrieve_event_in_same_group_brute/?text_name=Hard%20feelings HTTP/1.1" 200 246
[07/Nov/2017 01:04:41] "GET /admin/ HTTP/1.1" 302 0
[07/Nov/2017 01:04:41] "GET /admin/login/?next=/admin/ HTTP/1.1" 200 1650
[07/Nov/2017 01:04:46] "POST /admin/login/?next=/admin/ HTTP/1.1" 302 0
[07/Nov/2017 01:04:46] "GET /admin/ HTTP/1.1" 200 9122
[07/Nov/2017 01:04:48] "GET /admin/time_annotation/novel/ HTTP/1.1" 200 4214
[07/Nov/2017 01:04:48] "GET /static/admin/css/changelists.css HTTP/1.1" 200 6170
[07/Nov/2017 01:04:48] "GET /static/admin/js/jquery.init.js HTTP/1.1" 200 363
[07/Nov/2017 01:04:48] "GET /static/admin/js/core.js HTTP/1.1" 200 7976
[07/Nov/2017 01:04:48] "GET /admin/jsi18n/ HTTP/1.1" 200 3189
[07/Nov/2017 01:04:48] "GET /static/admin/js/admin/RelatedObjectLookups.js HTTP/1.1" 200 6591
[07/Nov/2017 01:04:48] "GET /static/admin/js/actions.js HTTP/1.1" 200 6501
[07/Nov/2017 01:04:48] "GET /static/admin/js/vendor/jquery/jquery.js HTTP/1.1" 200 258648
[07/Nov/2017 01:04:48] "GET /static/admin/js/urlify.js HTTP/1.1" 200 8186
[07/Nov/2017 01:04:48] "GET /static/admin/js/prepopulate.js HTTP/1.1" 200 1538
[07/Nov/2017 01:04:48] "GET /static/admin/js/vendor/xregexp/xregexp.js HTTP/1.1" 200 128820
[07/Nov/2017 01:04:49] "GET /static/admin/img/tooltag-add.svg HTTP/1.1" 200 331
[07/Nov/2017 01:04:56] "GET /admin/time_annotation/novel/add/ HTTP/1.1" 200 7156
[07/Nov/2017 01:04:56] "GET /static/admin/css/forms.css HTTP/1.1" 200 8173
[07/Nov/2017 01:04:56] "GET /static/admin/js/change_form.js HTTP/1.1" 200 712
[07/Nov/2017 01:04:56] "GET /static/admin/js/prepopulate_init.js HTTP/1.1" 200 495
[07/Nov/2017 01:04:56] "GET /admin/jsi18n/ HTTP/1.1" 200 3189
[07/Nov/2017 01:04:56] "GET /static/admin/css/widgets.css HTTP/1.1" 200 10340
[07/Nov/2017 01:05:34] "POST /admin/time_annotation/novel/add/ HTTP/1.1" 200 11363
[07/Nov/2017 01:05:34] "GET /admin/jsi18n/ HTTP/1.1" 200 3189
[07/Nov/2017 01:05:39] "POST /admin/time_annotation/novel/add/ HTTP/1.1" 200 11364
[07/Nov/2017 01:05:39] "GET /admin/jsi18n/ HTTP/1.1" 200 3189
[07/Nov/2017 01:05:43] "POST /admin/time_annotation/novel/add/ HTTP/1.1" 302 0
[07/Nov/2017 01:05:43] "GET /admin/time_annotation/novel/ HTTP/1.1" 200 4633
[07/Nov/2017 01:05:43] "GET /admin/jsi18n/ HTTP/1.1" 200 3189
[07/Nov/2017 01:05:43] "GET /static/admin/img/icon-yes.svg HTTP/1.1" 200 436
[07/Nov/2017 01:05:46] "GET /admin/time_annotation/ HTTP/1.1" 200 4888
[07/Nov/2017 01:05:49] "GET /admin/time_annotation/time_block/ HTTP/1.1" 200 5262
[07/Nov/2017 01:05:49] "GET /admin/jsi18n/ HTTP/1.1" 200 3189
[07/Nov/2017 01:05:52] "GET /admin/time_annotation/time_block/add/ HTTP/1.1" 200 7608
[07/Nov/2017 01:05:52] "GET /admin/jsi18n/ HTTP/1.1" 200 3189
[07/Nov/2017 01:07:29] "POST /admin/time_annotation/time_block/add/ HTTP/1.1" 302 0
[07/Nov/2017 01:07:29] "GET /admin/time_annotation/time_block/ HTTP/1.1" 200 6899
[07/Nov/2017 01:07:29] "GET /admin/jsi18n/ HTTP/1.1" 200 3189
[07/Nov/2017 01:07:37] "GET /admin/time_annotation/time_block/add/ HTTP/1.1" 200 7608
[07/Nov/2017 01:07:37] "GET /admin/jsi18n/ HTTP/1.1" 200 3189
[07/Nov/2017 01:07:55] "POST /admin/time_annotation/time_block/add/ HTTP/1.1" 302 0
[07/Nov/2017 01:07:55] "GET /admin/time_annotation/time_block/ HTTP/1.1" 200 7602
[07/Nov/2017 01:07:55] "GET /admin/jsi18n/ HTTP/1.1" 200 3189
[07/Nov/2017 01:07:59] "GET /admin/time_annotation/time_block/add/ HTTP/1.1" 200 7608
[07/Nov/2017 01:07:59] "GET /admin/jsi18n/ HTTP/1.1" 200 3189
[07/Nov/2017 01:08:10] "POST /admin/time_annotation/time_block/add/ HTTP/1.1" 302 0
[07/Nov/2017 01:08:10] "GET /admin/time_annotation/time_block/ HTTP/1.1" 200 8662
[07/Nov/2017 01:08:10] "GET /admin/jsi18n/ HTTP/1.1" 200 3189
[07/Nov/2017 01:08:13] "GET /admin/time_annotation/time_block/add/ HTTP/1.1" 200 7608
[07/Nov/2017 01:08:13] "GET /admin/jsi18n/ HTTP/1.1" 200 3189
[07/Nov/2017 01:11:30] "GET /admin/time_annotation/time_block/ HTTP/1.1" 200 7784
[07/Nov/2017 01:11:33] "GET /admin/time_annotation/time_block/add/ HTTP/1.1" 200 7608
[07/Nov/2017 01:11:33] "GET /admin/jsi18n/ HTTP/1.1" 200 3189
[07/Nov/2017 01:11:39] "GET /admin/time_annotation/time_block/ HTTP/1.1" 200 7784
[07/Nov/2017 01:11:39] "GET /admin/jsi18n/ HTTP/1.1" 200 3189
[07/Nov/2017 01:11:40] "GET /admin/time_annotation/time_block/add/ HTTP/1.1" 200 7608
[07/Nov/2017 01:11:40] "GET /admin/jsi18n/ HTTP/1.1" 200 3189
[07/Nov/2017 01:11:56] "POST /admin/time_annotation/time_block/add/ HTTP/1.1" 302 0
[07/Nov/2017 01:11:56] "GET /admin/time_annotation/time_block/ HTTP/1.1" 200 9163
[07/Nov/2017 01:11:56] "GET /admin/jsi18n/ HTTP/1.1" 200 3189
[07/Nov/2017 01:12:06] "GET /admin/time_annotation/time_block/add/ HTTP/1.1" 200 7608
[07/Nov/2017 01:12:06] "GET /admin/jsi18n/ HTTP/1.1" 200 3189
[07/Nov/2017 01:12:12] "POST /admin/time_annotation/time_block/add/ HTTP/1.1" 302 0
[07/Nov/2017 01:12:12] "GET /admin/time_annotation/time_block/ HTTP/1.1" 200 9412
[07/Nov/2017 01:12:12] "GET /admin/jsi18n/ HTTP/1.1" 200 3189
[07/Nov/2017 01:12:16] "GET /admin/time_annotation/time_block/add/ HTTP/1.1" 200 7608
[07/Nov/2017 01:12:16] "GET /admin/jsi18n/ HTTP/1.1" 200 3189
[07/Nov/2017 01:12:28] "POST /admin/time_annotation/time_block/add/ HTTP/1.1" 302 0
[07/Nov/2017 01:12:28] "GET /admin/time_annotation/time_block/ HTTP/1.1" 200 9805
[07/Nov/2017 01:12:28] "GET /admin/jsi18n/ HTTP/1.1" 200 3189
[07/Nov/2017 01:12:33] "GET /admin/time_annotation/time_block/add/ HTTP/1.1" 200 7608
[07/Nov/2017 01:12:33] "GET /admin/jsi18n/ HTTP/1.1" 200 3189
[07/Nov/2017 01:12:38] "POST /admin/time_annotation/time_block/add/ HTTP/1.1" 302 0
[07/Nov/2017 01:12:38] "GET /admin/time_annotation/time_block/ HTTP/1.1" 200 10012
[07/Nov/2017 01:12:38] "GET /admin/jsi18n/ HTTP/1.1" 200 3189
[07/Nov/2017 01:12:46] "GET /admin/time_annotation/time_block/add/ HTTP/1.1" 200 7608
[07/Nov/2017 01:12:46] "GET /admin/jsi18n/ HTTP/1.1" 200 3189
[07/Nov/2017 01:12:51] "POST /admin/time_annotation/time_block/add/ HTTP/1.1" 302 0
[07/Nov/2017 01:12:51] "GET /admin/time_annotation/time_block/ HTTP/1.1" 200 10545
[07/Nov/2017 01:12:51] "GET /admin/jsi18n/ HTTP/1.1" 200 3189
[07/Nov/2017 01:12:56] "GET /admin/time_annotation/time_block/add/ HTTP/1.1" 200 7608
[07/Nov/2017 01:12:56] "GET /admin/jsi18n/ HTTP/1.1" 200 3189
[07/Nov/2017 01:13:01] "POST /admin/time_annotation/time_block/add/ HTTP/1.1" 302 0
[07/Nov/2017 01:13:01] "GET /admin/time_annotation/time_block/ HTTP/1.1" 200 11810
[07/Nov/2017 01:13:01] "GET /admin/jsi18n/ HTTP/1.1" 200 3189
[07/Nov/2017 01:13:06] "GET /admin/time_annotation/time_block/add/ HTTP/1.1" 200 7608
[07/Nov/2017 01:13:06] "GET /admin/jsi18n/ HTTP/1.1" 200 3189
[07/Nov/2017 01:13:11] "POST /admin/time_annotation/time_block/add/ HTTP/1.1" 302 0
[07/Nov/2017 01:13:11] "GET /admin/time_annotation/time_block/ HTTP/1.1" 200 12086
[07/Nov/2017 01:13:11] "GET /admin/jsi18n/ HTTP/1.1" 200 3189
[07/Nov/2017 01:16:39] "GET /admin/time_annotation/time_block/23/change/ HTTP/1.1" 200 8444
[07/Nov/2017 01:16:39] "GET /admin/jsi18n/ HTTP/1.1" 200 3189
[07/Nov/2017 01:16:50] "POST /admin/time_annotation/time_block/23/change/ HTTP/1.1" 302 0
[07/Nov/2017 01:16:50] "GET /admin/time_annotation/time_block/ HTTP/1.1" 200 12004
[07/Nov/2017 01:16:50] "GET /admin/jsi18n/ HTTP/1.1" 200 3189
[07/Nov/2017 01:16:53] "GET /admin/time_annotation/time_block/2/change/ HTTP/1.1" 200 7897
[07/Nov/2017 01:16:53] "GET /admin/jsi18n/ HTTP/1.1" 200 3189
[07/Nov/2017 01:16:54] "GET /admin/time_annotation/time_block/ HTTP/1.1" 200 11562
[07/Nov/2017 01:17:02] "GET /admin/time_annotation/time_block/20/change/ HTTP/1.1" 200 9033
[07/Nov/2017 01:17:02] "GET /admin/jsi18n/ HTTP/1.1" 200 3189
[07/Nov/2017 01:17:06] "POST /admin/time_annotation/time_block/20/change/ HTTP/1.1" 302 0
[07/Nov/2017 01:17:06] "GET /admin/time_annotation/time_block/ HTTP/1.1" 200 12297
[07/Nov/2017 01:17:06] "GET /admin/jsi18n/ HTTP/1.1" 200 3189
[07/Nov/2017 01:17:12] "GET /admin/time_annotation/time_block/25/change/ HTTP/1.1" 200 8115
[07/Nov/2017 01:17:12] "GET /admin/jsi18n/ HTTP/1.1" 200 3189
[07/Nov/2017 01:17:16] "POST /admin/time_annotation/time_block/25/change/ HTTP/1.1" 302 0
[07/Nov/2017 01:17:16] "GET /admin/time_annotation/time_block/ HTTP/1.1" 200 11848
[07/Nov/2017 01:17:16] "GET /admin/jsi18n/ HTTP/1.1" 200 3189
[07/Nov/2017 01:17:25] "GET /admin/time_annotation/ HTTP/1.1" 200 4888
[07/Nov/2017 01:17:28] "GET /admin/time_annotation/brute_time_block_pairwise_comparison/ HTTP/1.1" 200 9671
[07/Nov/2017 01:17:28] "GET /admin/jsi18n/ HTTP/1.1" 200 3189
[07/Nov/2017 01:17:37] "POST /admin/time_annotation/brute_time_block_pairwise_comparison/ HTTP/1.1" 200 7589
[07/Nov/2017 01:17:37] "GET /static/admin/js/cancel.js HTTP/1.1" 200 204
[07/Nov/2017 01:17:41] "POST /admin/time_annotation/brute_time_block_pairwise_comparison/ HTTP/1.1" 302 0
[07/Nov/2017 01:17:41] "GET /admin/time_annotation/brute_time_block_pairwise_comparison/ HTTP/1.1" 200 3465
[07/Nov/2017 01:17:41] "GET /admin/jsi18n/ HTTP/1.1" 200 3189
[07/Nov/2017 01:17:43] "GET /admin/time_annotation/ HTTP/1.1" 200 4888
[07/Nov/2017 01:17:46] "GET /admin/time_annotation/time_block_position_vote/ HTTP/1.1" 200 5487
[07/Nov/2017 01:17:46] "GET /admin/jsi18n/ HTTP/1.1" 200 3189
[07/Nov/2017 01:17:53] "GET /admin/time_annotation/ HTTP/1.1" 200 4888
[07/Nov/2017 01:17:55] "GET /admin/time_annotation/time_block_position_vote/ HTTP/1.1" 200 5487
[07/Nov/2017 01:17:55] "GET /admin/jsi18n/ HTTP/1.1" 200 3189
[07/Nov/2017 01:18:09] "GET /time_annotation/flag_comparison/ HTTP/1.1" 200 2760
[07/Nov/2017 01:18:09] "GET /static/time_annotation/flag_comparison.js HTTP/1.1" 200 5294
[07/Nov/2017 01:18:09] "GET /static/time_annotation/flag_comparison.css HTTP/1.1" 200 3583
[07/Nov/2017 01:18:10] "GET /time_annotation/retrieve_important_event_in_same_group?text_name=Hard%20feelings HTTP/1.1" 301 0
[07/Nov/2017 01:18:10] "GET /time_annotation/retrieve_important_event_in_same_group/?text_name=Hard%20feelings HTTP/1.1" 200 470
[07/Nov/2017 01:18:24] "POST /admin/time_annotation/time_block_position_vote/ HTTP/1.1" 200 4144
[07/Nov/2017 01:18:26] "POST /admin/time_annotation/time_block_position_vote/ HTTP/1.1" 302 0
[07/Nov/2017 01:18:26] "GET /admin/time_annotation/time_block_position_vote/ HTTP/1.1" 200 3362
[07/Nov/2017 01:18:26] "GET /admin/jsi18n/ HTTP/1.1" 200 3189
[07/Nov/2017 01:18:27] "GET /admin/time_annotation/ HTTP/1.1" 200 4888
[07/Nov/2017 01:18:29] "GET /admin/time_annotation/time_block/ HTTP/1.1" 200 11562
[07/Nov/2017 01:18:29] "GET /admin/jsi18n/ HTTP/1.1" 200 3189
[07/Nov/2017 01:18:32] "GET /admin/time_annotation/ HTTP/1.1" 200 4888
[07/Nov/2017 01:18:34] "GET /admin/time_annotation/time_block_pairwise_comparison/ HTTP/1.1" 200 5821
[07/Nov/2017 01:18:34] "GET /admin/jsi18n/ HTTP/1.1" 200 3189
[07/Nov/2017 01:18:38] "POST /admin/time_annotation/time_block_pairwise_comparison/ HTTP/1.1" 200 4427
[07/Nov/2017 01:18:39] "POST /admin/time_annotation/time_block_pairwise_comparison/ HTTP/1.1" 302 0
[07/Nov/2017 01:18:39] "GET /admin/time_annotation/time_block_pairwise_comparison/ HTTP/1.1" 200 3410
[07/Nov/2017 01:18:39] "GET /admin/jsi18n/ HTTP/1.1" 200 3189
[07/Nov/2017 01:18:41] "GET /admin/time_annotation/ HTTP/1.1" 200 4888
[07/Nov/2017 01:18:42] "GET /admin/time_annotation/time_block_position_vote/ HTTP/1.1" 200 3218
[07/Nov/2017 01:18:42] "GET /admin/jsi18n/ HTTP/1.1" 200 3189
[07/Nov/2017 01:18:43] "GET /admin/time_annotation/ HTTP/1.1" 200 4888
[07/Nov/2017 01:18:44] "GET /admin/time_annotation/brute_time_block_pairwise_comparison/ HTTP/1.1" 200 3307
[07/Nov/2017 01:18:44] "GET /admin/jsi18n/ HTTP/1.1" 200 3189
[07/Nov/2017 01:18:45] "GET /admin/time_annotation/ HTTP/1.1" 200 4888
[07/Nov/2017 01:18:46] "GET /admin/time_annotation/meta_novel_sequence/ HTTP/1.1" 200 7583
[07/Nov/2017 01:18:46] "GET /admin/jsi18n/ HTTP/1.1" 200 3189
[07/Nov/2017 01:18:53] "GET /admin/time_annotation/ HTTP/1.1" 200 4888
[07/Nov/2017 01:18:54] "GET /admin/time_annotation/time_block/ HTTP/1.1" 200 11562
[07/Nov/2017 01:18:54] "GET /admin/jsi18n/ HTTP/1.1" 200 3189
[07/Nov/2017 01:19:03] "POST /admin/time_annotation/time_block/ HTTP/1.1" 200 3903
[07/Nov/2017 01:19:05] "POST /admin/time_annotation/time_block/ HTTP/1.1" 302 0
[07/Nov/2017 01:19:05] "GET /admin/time_annotation/time_block/ HTTP/1.1" 200 10459
[07/Nov/2017 01:19:05] "GET /admin/jsi18n/ HTTP/1.1" 200 3189
[07/Nov/2017 01:21:39] "GET /admin/time_annotation/ HTTP/1.1" 200 4888
[07/Nov/2017 01:21:42] "GET /admin/time_annotation/novel/ HTTP/1.1" 200 4445
[07/Nov/2017 01:21:42] "GET /admin/jsi18n/ HTTP/1.1" 200 3189
[07/Nov/2017 01:21:43] "GET /admin/time_annotation/novel/6/change/ HTTP/1.1" 200 11462
[07/Nov/2017 01:21:43] "GET /admin/jsi18n/ HTTP/1.1" 200 3189
[07/Nov/2017 01:21:45] "GET /admin/time_annotation/novel/ HTTP/1.1" 200 4445
[07/Nov/2017 01:21:55] "GET /time_annotation/brute_comparison/ HTTP/1.1" 200 2430
[07/Nov/2017 01:21:55] "GET /static/time_annotation/brute_comparison.js HTTP/1.1" 200 4583
[07/Nov/2017 01:21:55] "GET /static/time_annotation/brute_comparison.css HTTP/1.1" 304 0
[07/Nov/2017 01:21:55] "GET /time_annotation/retrieve_event_in_same_group_brute?text_name=Old%20Boy HTTP/1.1" 301 0
[07/Nov/2017 01:21:56] "GET /time_annotation/retrieve_event_in_same_group_brute/?text_name=Old%20Boy HTTP/1.1" 200 2434
[07/Nov/2017 01:22:09] "GET /time_annotation/brute_comparison/ HTTP/1.1" 200 2430
[07/Nov/2017 01:22:09] "GET /static/time_annotation/brute_comparison.js HTTP/1.1" 304 0
[07/Nov/2017 01:22:09] "GET /time_annotation/retrieve_event_in_same_group_brute/?text_name=Old%20Boy HTTP/1.1" 200 2434
[07/Nov/2017 01:22:31] "GET /time_annotation/brute_comparison/ HTTP/1.1" 200 2430
[07/Nov/2017 01:22:31] "GET /static/time_annotation/brute_comparison.css HTTP/1.1" 200 3596
[07/Nov/2017 01:22:31] "GET /static/time_annotation/brute_comparison.js HTTP/1.1" 200 4583
[07/Nov/2017 01:22:33] "GET /time_annotation/retrieve_event_in_same_group_brute?text_name=Old%20Boy HTTP/1.1" 301 0
[07/Nov/2017 01:22:33] "GET /time_annotation/retrieve_event_in_same_group_brute/?text_name=Old%20Boy HTTP/1.1" 200 2434
[07/Nov/2017 01:22:41] "GET /time_annotation/brute_comparison/ HTTP/1.1" 200 2430
[07/Nov/2017 01:22:41] "GET /static/time_annotation/brute_comparison.css HTTP/1.1" 200 3596
[07/Nov/2017 01:22:41] "GET /static/time_annotation/brute_comparison.js HTTP/1.1" 200 4583
[07/Nov/2017 01:22:43] "GET /time_annotation/retrieve_event_in_same_group_brute?text_name=Old%20Boy HTTP/1.1" 301 0
[07/Nov/2017 01:22:43] "GET /time_annotation/retrieve_event_in_same_group_brute/?text_name=Old%20Boy HTTP/1.1" 200 2434
[07/Nov/2017 01:22:48] "GET /time_annotation/brute_comparison/ HTTP/1.1" 200 2430
[07/Nov/2017 01:22:48] "GET /static/time_annotation/brute_comparison.js HTTP/1.1" 200 4583
[07/Nov/2017 01:22:48] "GET /static/time_annotation/brute_comparison.css HTTP/1.1" 200 3596
[07/Nov/2017 01:22:50] "GET /time_annotation/retrieve_event_in_same_group_brute?text_name=Old%20Boy HTTP/1.1" 301 0
[07/Nov/2017 01:22:50] "GET /time_annotation/retrieve_event_in_same_group_brute/?text_name=Old%20Boy HTTP/1.1" 200 2434
[07/Nov/2017 01:23:00] "GET /time_annotation/brute_comparison/ HTTP/1.1" 200 2430
[07/Nov/2017 01:23:00] "GET /static/time_annotation/brute_comparison.css HTTP/1.1" 200 3596
[07/Nov/2017 01:23:00] "GET /static/time_annotation/brute_comparison.js HTTP/1.1" 200 4583
[07/Nov/2017 01:23:01] "GET /time_annotation/retrieve_event_in_same_group_brute?text_name=Old%20Boy HTTP/1.1" 301 0
[07/Nov/2017 01:23:01] "GET /time_annotation/retrieve_event_in_same_group_brute/?text_name=Old%20Boy HTTP/1.1" 200 2434
